<?xml version="1.0" encoding="UTF-8"?>
<!-- Generated by org.testng.reporters.JUnitXMLReporter -->
<testsuite ignored="6" hostname="Mariyan" failures="0" tests="6" name="Test" time="127.924" errors="0" timestamp="2025-07-14T14:37:48 IST">
  <testcase classname="TroubleTicketTest.CreateTroubleTicketTest" name="createTroubleTicket" time="20.263"/>
  <testcase classname="CampaignTest.CreateCampaignTest" name="createProductsTest" time="11.656"/>
  <testcase classname="CreateProductTest.Products_Own_Test" name="createProductsTest" time="10.118"/>
  <testcase classname="CreateProductTest.Products_Own_Test" name="createProductsWithVendorTest" time="11.137"/>
  <testcase classname="CreateOpportunityTest.Opportunity_Own_Test" name="createOppotunityWithContactTest" time="12.137"/>
  <testcase classname="CreateOpportunityTest.Opportunity_Own_Test" name="createOppotunityWithOrganizationTest" time="10.657"/>
  <testcase classname="own.framework.GenericUtility.BaseClassOwn" name="@BeforeSuite configBS" time="0.0">
    <ignored/>
  </testcase> <!-- @BeforeSuite configBS -->
  <testcase classname="own.framework.GenericUtility.BaseClassOwn" name="@BeforeSuite configBS" time="0.0">
    <ignored/>
  </testcase> <!-- @BeforeSuite configBS -->
  <testcase classname="own.framework.GenericUtility.BaseClassOwn" name="@AfterSuite configAS" time="0.0">
    <ignored/>
  </testcase> <!-- @AfterSuite configAS -->
  <testcase classname="own.framework.GenericUtility.BaseClassOwn" name="@BeforeSuite configBS" time="0.0">
    <ignored/>
  </testcase> <!-- @BeforeSuite configBS -->
  <testcase classname="own.framework.GenericUtility.BaseClassOwn" name="@AfterSuite configAS" time="0.0">
    <ignored/>
  </testcase> <!-- @AfterSuite configAS -->
  <testcase classname="own.framework.GenericUtility.BaseClassOwn" name="@AfterSuite configAS" time="0.0">
    <ignored/>
  </testcase> <!-- @AfterSuite configAS -->
</testsuite> <!-- Test -->
