<?xml version="1.0" encoding="UTF-8"?>
<testng-results ignored="0" total="6" passed="6" failed="0" skipped="0">
  <reporter-output>
  </reporter-output>
  <suite started-at="2025-07-14T14:35:40 IST" name="Suite" finished-at="2025-07-14T14:37:48 IST" duration-ms="127924">
    <groups>
    </groups>
    <test started-at="2025-07-14T14:35:40 IST" name="Test" finished-at="2025-07-14T14:37:48 IST" duration-ms="127924">
      <class name="CreateProductTest.Products_Own_Test">
        <test-method is-config="true" signature="configBC()[pri:0, instance:CreateProductTest.Products_Own_Test@1fa121e2]" started-at="2025-07-14T14:36:43 IST" name="configBC" finished-at="2025-07-14T14:36:45 IST" duration-ms="2451" status="PASS">
          <reporter-output>
          </reporter-output>
        </test-method> <!-- configBC -->
        <test-method is-config="true" signature="configBM()[pri:0, instance:CreateProductTest.Products_Own_Test@1fa121e2]" started-at="2025-07-14T14:36:45 IST" name="configBM" finished-at="2025-07-14T14:36:46 IST" duration-ms="1176" status="PASS">
          <reporter-output>
          </reporter-output>
        </test-method> <!-- configBM -->
        <test-method signature="createProductsTest()[pri:0, instance:CreateProductTest.Products_Own_Test@1fa121e2]" started-at="2025-07-14T14:36:46 IST" name="createProductsTest" finished-at="2025-07-14T14:36:56 IST" duration-ms="10118" status="PASS">
          <reporter-output>
          </reporter-output>
        </test-method> <!-- createProductsTest -->
        <test-method is-config="true" signature="configAM()[pri:0, instance:CreateProductTest.Products_Own_Test@1fa121e2]" started-at="2025-07-14T14:36:56 IST" name="configAM" finished-at="2025-07-14T14:36:57 IST" duration-ms="921" status="PASS">
          <reporter-output>
          </reporter-output>
        </test-method> <!-- configAM -->
        <test-method is-config="true" signature="configBM()[pri:0, instance:CreateProductTest.Products_Own_Test@1fa121e2]" started-at="2025-07-14T14:36:57 IST" name="configBM" finished-at="2025-07-14T14:36:59 IST" duration-ms="1905" status="PASS">
          <reporter-output>
          </reporter-output>
        </test-method> <!-- configBM -->
        <test-method signature="createProductsWithVendorTest()[pri:0, instance:CreateProductTest.Products_Own_Test@1fa121e2]" started-at="2025-07-14T14:36:59 IST" name="createProductsWithVendorTest" finished-at="2025-07-14T14:37:10 IST" duration-ms="11137" status="PASS">
          <reporter-output>
          </reporter-output>
        </test-method> <!-- createProductsWithVendorTest -->
        <test-method is-config="true" signature="configAM()[pri:0, instance:CreateProductTest.Products_Own_Test@1fa121e2]" started-at="2025-07-14T14:37:11 IST" name="configAM" finished-at="2025-07-14T14:37:12 IST" duration-ms="1009" status="PASS">
          <reporter-output>
          </reporter-output>
        </test-method> <!-- configAM -->
        <test-method is-config="true" signature="configAC()[pri:0, instance:CreateProductTest.Products_Own_Test@1fa121e2]" started-at="2025-07-14T14:37:12 IST" name="configAC" finished-at="2025-07-14T14:37:12 IST" duration-ms="688" status="PASS">
          <reporter-output>
          </reporter-output>
        </test-method> <!-- configAC -->
      </class> <!-- CreateProductTest.Products_Own_Test -->
      <class name="TroubleTicketTest.CreateTroubleTicketTest">
        <test-method is-config="true" signature="configBS()[pri:0, instance:TroubleTicketTest.CreateTroubleTicketTest@1e800aaa]" started-at="2025-07-14T14:35:40 IST" name="configBS" finished-at="2025-07-14T14:35:40 IST" duration-ms="64" status="PASS">
          <reporter-output>
          </reporter-output>
        </test-method> <!-- configBS -->
        <test-method is-config="true" signature="configBC()[pri:0, instance:TroubleTicketTest.CreateTroubleTicketTest@1e800aaa]" started-at="2025-07-14T14:35:41 IST" name="configBC" finished-at="2025-07-14T14:35:52 IST" duration-ms="11837" status="PASS">
          <reporter-output>
          </reporter-output>
        </test-method> <!-- configBC -->
        <test-method is-config="true" signature="configBM()[pri:0, instance:TroubleTicketTest.CreateTroubleTicketTest@1e800aaa]" started-at="2025-07-14T14:35:52 IST" name="configBM" finished-at="2025-07-14T14:35:57 IST" duration-ms="5086" status="PASS">
          <reporter-output>
          </reporter-output>
        </test-method> <!-- configBM -->
        <test-method signature="createTroubleTicket()[pri:0, instance:TroubleTicketTest.CreateTroubleTicketTest@1e800aaa]" started-at="2025-07-14T14:35:57 IST" name="createTroubleTicket" finished-at="2025-07-14T14:36:18 IST" duration-ms="20263" status="PASS">
          <reporter-output>
          </reporter-output>
        </test-method> <!-- createTroubleTicket -->
        <test-method is-config="true" signature="configAM()[pri:0, instance:TroubleTicketTest.CreateTroubleTicketTest@1e800aaa]" started-at="2025-07-14T14:36:18 IST" name="configAM" finished-at="2025-07-14T14:36:19 IST" duration-ms="938" status="PASS">
          <reporter-output>
          </reporter-output>
        </test-method> <!-- configAM -->
        <test-method is-config="true" signature="configAC()[pri:0, instance:TroubleTicketTest.CreateTroubleTicketTest@1e800aaa]" started-at="2025-07-14T14:36:19 IST" name="configAC" finished-at="2025-07-14T14:36:20 IST" duration-ms="844" status="PASS">
          <reporter-output>
          </reporter-output>
        </test-method> <!-- configAC -->
        <test-method is-config="true" signature="configAS()[pri:0, instance:TroubleTicketTest.CreateTroubleTicketTest@1e800aaa]" started-at="2025-07-14T14:37:48 IST" name="configAS" finished-at="2025-07-14T14:37:48 IST" duration-ms="0" status="PASS">
          <reporter-output>
          </reporter-output>
        </test-method> <!-- configAS -->
      </class> <!-- TroubleTicketTest.CreateTroubleTicketTest -->
      <class name="CampaignTest.CreateCampaignTest">
        <test-method is-config="true" signature="configBC()[pri:0, instance:CampaignTest.CreateCampaignTest@3cd3e762]" started-at="2025-07-14T14:36:20 IST" name="configBC" finished-at="2025-07-14T14:36:23 IST" duration-ms="3200" status="PASS">
          <reporter-output>
          </reporter-output>
        </test-method> <!-- configBC -->
        <test-method is-config="true" signature="configBM()[pri:0, instance:CampaignTest.CreateCampaignTest@3cd3e762]" started-at="2025-07-14T14:36:23 IST" name="configBM" finished-at="2025-07-14T14:36:29 IST" duration-ms="6319" status="PASS">
          <reporter-output>
          </reporter-output>
        </test-method> <!-- configBM -->
        <test-method signature="createProductsTest()[pri:0, instance:CampaignTest.CreateCampaignTest@3cd3e762]" started-at="2025-07-14T14:36:29 IST" name="createProductsTest" finished-at="2025-07-14T14:36:41 IST" duration-ms="11656" status="PASS">
          <reporter-output>
          </reporter-output>
        </test-method> <!-- createProductsTest -->
        <test-method is-config="true" signature="configAM()[pri:0, instance:CampaignTest.CreateCampaignTest@3cd3e762]" started-at="2025-07-14T14:36:41 IST" name="configAM" finished-at="2025-07-14T14:36:42 IST" duration-ms="873" status="PASS">
          <reporter-output>
          </reporter-output>
        </test-method> <!-- configAM -->
        <test-method is-config="true" signature="configAC()[pri:0, instance:CampaignTest.CreateCampaignTest@3cd3e762]" started-at="2025-07-14T14:36:42 IST" name="configAC" finished-at="2025-07-14T14:36:43 IST" duration-ms="569" status="PASS">
          <reporter-output>
          </reporter-output>
        </test-method> <!-- configAC -->
      </class> <!-- CampaignTest.CreateCampaignTest -->
      <class name="CreateOpportunityTest.Opportunity_Own_Test">
        <test-method is-config="true" signature="configBC()[pri:0, instance:CreateOpportunityTest.Opportunity_Own_Test@7eac9008]" started-at="2025-07-14T14:37:12 IST" name="configBC" finished-at="2025-07-14T14:37:15 IST" duration-ms="2876" status="PASS">
          <reporter-output>
          </reporter-output>
        </test-method> <!-- configBC -->
        <test-method is-config="true" signature="configBM()[pri:0, instance:CreateOpportunityTest.Opportunity_Own_Test@7eac9008]" started-at="2025-07-14T14:37:15 IST" name="configBM" finished-at="2025-07-14T14:37:21 IST" duration-ms="5931" status="PASS">
          <reporter-output>
          </reporter-output>
        </test-method> <!-- configBM -->
        <test-method signature="createOppotunityWithContactTest()[pri:0, instance:CreateOpportunityTest.Opportunity_Own_Test@7eac9008]" started-at="2025-07-14T14:37:21 IST" name="createOppotunityWithContactTest" finished-at="2025-07-14T14:37:33 IST" duration-ms="12137" status="PASS">
          <reporter-output>
          </reporter-output>
        </test-method> <!-- createOppotunityWithContactTest -->
        <test-method is-config="true" signature="configAM()[pri:0, instance:CreateOpportunityTest.Opportunity_Own_Test@7eac9008]" started-at="2025-07-14T14:37:33 IST" name="configAM" finished-at="2025-07-14T14:37:34 IST" duration-ms="831" status="PASS">
          <reporter-output>
          </reporter-output>
        </test-method> <!-- configAM -->
        <test-method is-config="true" signature="configBM()[pri:0, instance:CreateOpportunityTest.Opportunity_Own_Test@7eac9008]" started-at="2025-07-14T14:37:34 IST" name="configBM" finished-at="2025-07-14T14:37:36 IST" duration-ms="1819" status="PASS">
          <reporter-output>
          </reporter-output>
        </test-method> <!-- configBM -->
        <test-method signature="createOppotunityWithOrganizationTest()[pri:0, instance:CreateOpportunityTest.Opportunity_Own_Test@7eac9008]" started-at="2025-07-14T14:37:36 IST" name="createOppotunityWithOrganizationTest" finished-at="2025-07-14T14:37:47 IST" duration-ms="10657" status="PASS">
          <reporter-output>
          </reporter-output>
        </test-method> <!-- createOppotunityWithOrganizationTest -->
        <test-method is-config="true" signature="configAM()[pri:0, instance:CreateOpportunityTest.Opportunity_Own_Test@7eac9008]" started-at="2025-07-14T14:37:47 IST" name="configAM" finished-at="2025-07-14T14:37:48 IST" duration-ms="804" status="PASS">
          <reporter-output>
          </reporter-output>
        </test-method> <!-- configAM -->
        <test-method is-config="true" signature="configAC()[pri:0, instance:CreateOpportunityTest.Opportunity_Own_Test@7eac9008]" started-at="2025-07-14T14:37:48 IST" name="configAC" finished-at="2025-07-14T14:37:48 IST" duration-ms="562" status="PASS">
          <reporter-output>
          </reporter-output>
        </test-method> <!-- configAC -->
      </class> <!-- CreateOpportunityTest.Opportunity_Own_Test -->
    </test> <!-- Test -->
  </suite> <!-- Suite -->
</testng-results>
